2025-06-14 17:54:47,201{GMT}	INFO	[jepsen test runner] jepsen.core: Command line:
lein run test --test-name linearizability --time-limit 60
2025-06-14 17:54:47,385{GMT}	INFO	[jepsen test runner] jepsen.core: Running test:
{:remote
 #jepsen.control.retry.Remote{:remote #jepsen.control.scp.Remote{:cmd-remote #jepsen.control.sshj.SSHJRemote{:concurrency-limit 6,
                                                                                                             :conn-spec nil,
                                                                                                             :client nil,
                                                                                                             :semaphore nil},
                                                                 :conn-spec nil},
                              :conn nil}
 :concurrency 10
 :db
 #object[jepsen.redis_sentinel.core$redis_sentinel_db$reify__8869
         "0x2b7e07e0"
         "jepsen.redis_sentinel.core$redis_sentinel_db$reify__8869@2b7e07e0"]
 :leave-db-running? false
 :name "redis-sentinel-linearizability"
 :logging-json? false
 :start-time
 #object[org.joda.time.DateTime "0x426ead99" "2025-06-14T17:54:47.078Z"]
 :net
 #object[jepsen.net$reify__12635
         "0x6c40bb07"
         "jepsen.net$reify__12635@6c40bb07"]
 :client
 #object[jepsen.redis_sentinel.core$redis_sentinel_client$reify__8876
         "0x713d2fe8"
         "jepsen.redis_sentinel.core$redis_sentinel_client$reify__8876@713d2fe8"]
 :barrier
 #object[java.util.concurrent.CyclicBarrier
         "0x546c43e0"
         "java.util.concurrent.CyclicBarrier@546c43e0"]
 :ssh
 {:dummy? false,
  :username "root",
  :password "root",
  :strict-host-key-checking false,
  :private-key-path nil}
 :checker
 #object[jepsen.checker$compose$reify__10552
         "0x63d93e91"
         "jepsen.checker$compose$reify__10552@63d93e91"]
 :argv ("test" "--test-name" "linearizability" "--time-limit" "60")
 :nemesis
 (jepsen.nemesis.MapCompose
  {:nemeses {{:start-partition :stop-partition} #unprintable "jepsen.nemesis$partitioner$reify__12788@a28296e",
             {:start-primary-isolation :stop-primary-isolation} #unprintable "jepsen.nemesis$partitioner$reify__12788@127205ac",
             {:start-bridge-partition :stop-bridge-partition} #unprintable "jepsen.nemesis$partitioner$reify__12788@24b73741",
             {:start-kill :stop-kill} #unprintable "jepsen.nemesis$node_start_stopper$reify__12928@e30b8f0"}})
 :nodes ["n1" "n2" "n3" "n4" "n5"]
 :test-count 1
 :test-name "linearizability"
 :generator
 #object[jepsen.util.Forgettable
         "0x4cf08d08"
         (jepsen.generator.Stagger
          {:dt 200000000,
           :next-time nil,
           :gen (jepsen.generator.OnThreads
                 {:f #jepsen.generator.context.AllBut{:element :nemesis},
                  :context-filter #object[jepsen.generator.context$make_thread_filter$lazy_filter__11515
                                          "0x6b00eaae"
                                          "jepsen.generator.context$make_thread_filter$lazy_filter__11515@6b00eaae"],
                  :gen (jepsen.independent.ConcurrentGenerator
                        {:n 10,
                         :fgen #object[jepsen.redis_sentinel.core$register_workload$fn__8941
                                       "0x480f1b59"
                                       "jepsen.redis_sentinel.core$register_workload$fn__8941@480f1b59"],
                         :group->threads nil,
                         :thread->group nil,
                         :group->context-filter nil,
                         :keys (0 1 2 3 4 5 6 7 ...),
                         :gens nil})})})]
 :os
 #object[jepsen.os.debian.Debian
         "0x35a7c477"
         "jepsen.os.debian.Debian@35a7c477"]
 :time-limit 60}

2025-06-14 17:54:52,497{GMT}	WARN	[jepsen test runner] jepsen.core: Test crashed!
clojure.lang.ExceptionInfo: throw+: {:private-key-path nil, :password "root", :username "root", :type :jepsen.control/session-error, :port 22, :strict-host-key-checking false, :host "n1", :dummy false, :message "Error opening SSH session. Verify username, password, and node hostnames are correct."}
	at slingshot.support$stack_trace.invoke(support.clj:201)
	at jepsen.control.sshj.SSHJRemote.connect(sshj.clj:139)
	at jepsen.control.core$fn__5453$G__5422__5456.invoke(core.clj:7)
	at jepsen.control.core$fn__5453$G__5421__5460.invoke(core.clj:7)
	at clojure.core$update.invokeStatic(core.clj:6233)
	at clojure.core$update.invoke(core.clj:6223)
	at jepsen.control.scp.Remote.connect(scp.clj:87)
	at jepsen.control.retry.Remote$open__5598.invoke(retry.clj:41)
	at jepsen.reconnect$open_BANG_$fn__5561.invoke(reconnect.clj:61)
	at jepsen.reconnect$open_BANG_.invokeStatic(reconnect.clj:59)
	at jepsen.reconnect$open_BANG_.invoke(reconnect.clj:56)
	at jepsen.control.retry.Remote.connect(retry.clj:40)
	at jepsen.control$session.invokeStatic(control.clj:233)
	at jepsen.control$session.invoke(control.clj:230)
	at clojure.lang.AFn.applyToHelper(AFn.java:154)
	at clojure.lang.AFn.applyTo(AFn.java:144)
	at clojure.core$apply.invokeStatic(core.clj:667)
	at clojure.core$with_bindings_STAR_.invokeStatic(core.clj:1990)
	at clojure.core$with_bindings_STAR_.doInvoke(core.clj:1990)
	at clojure.lang.RestFn.applyTo(RestFn.java:142)
	at clojure.core$apply.invokeStatic(core.clj:671)
	at clojure.core$bound_fn_STAR_$fn__5818.doInvoke(core.clj:2020)
	at clojure.lang.RestFn.applyTo(RestFn.java:137)
	at clojure.core$apply.invokeStatic(core.clj:667)
	at clojure.core$apply.invoke(core.clj:662)
	at jepsen.util$fcatch$wrapper__4645.doInvoke(util.clj:48)
	at clojure.lang.RestFn.invoke(RestFn.java:408)
	at dom_top.core$real_pmap_helper$build_thread__213$fn__214.invoke(core.clj:163)
	at clojure.lang.AFn.applyToHelper(AFn.java:152)
	at clojure.lang.AFn.applyTo(AFn.java:144)
	at clojure.core$apply.invokeStatic(core.clj:667)
	at clojure.core$with_bindings_STAR_.invokeStatic(core.clj:1990)
	at clojure.core$with_bindings_STAR_.doInvoke(core.clj:1990)
	at clojure.lang.RestFn.invoke(RestFn.java:425)
	at clojure.lang.AFn.applyToHelper(AFn.java:156)
	at clojure.lang.RestFn.applyTo(RestFn.java:132)
	at clojure.core$apply.invokeStatic(core.clj:671)
	at clojure.core$bound_fn_STAR_$fn__5818.doInvoke(core.clj:2020)
	at clojure.lang.RestFn.invoke(RestFn.java:397)
	at clojure.lang.AFn.run(AFn.java:22)
	at java.base/java.lang.Thread.run(Thread.java:1583)
Caused by: com.jcraft.jsch.agentproxy.AgentProxyException: connector is not available: 
	at com.jcraft.jsch.agentproxy.ConnectorFactory.createConnector(ConnectorFactory.java:120)
	at jepsen.control.sshj$agent_proxy.invokeStatic(sshj.clj:41)
	at jepsen.control.sshj$agent_proxy.invoke(sshj.clj:39)
	at jepsen.control.sshj$auth_BANG_$fn__8930.invoke(sshj.clj:58)
	at jepsen.control.sshj$auth_BANG_.invokeStatic(sshj.clj:57)
	at jepsen.control.sshj$auth_BANG_.invoke(sshj.clj:45)
	at jepsen.control.sshj.SSHJRemote.connect(sshj.clj:127)
	... 39 common frames omitted
