20:S 14 Jun 2025 19:01:36.585 * DB saved on disk
20:S 14 Jun 2025 19:09:25.061 * DB saved on disk
20:S 14 Jun 2025 19:22:57.334 * DB saved on disk
20:S 14 Jun 2025 19:23:06.567 * DB saved on disk
20:S 14 Jun 2025 19:29:32.874 * DB saved on disk
20:S 14 Jun 2025 19:34:33.022 * 10 changes in 300 seconds. Saving...
20:S 14 Jun 2025 19:34:33.031 * Background saving started by pid 10819
10819:C 14 Jun 2025 19:34:33.050 * DB saved on disk
10819:C 14 Jun 2025 19:34:33.052 * Fork CoW for RDB: current 0 MB, peak 0 MB, average 0 MB
20:S 14 Jun 2025 19:34:33.141 * Background saving terminated with success
20:S 14 Jun 2025 19:50:30.008 * DB saved on disk
20:S 14 Jun 2025 20:05:29.206 * DB saved on disk
21:C 14 Jun 2025 20:09:55.790 * oO0OoO0OoO0Oo Redis is starting oO0OoO0OoO0Oo
21:C 14 Jun 2025 20:09:55.796 * Redis version=7.4.1, bits=64, commit=00000000, modified=0, pid=21, just started
21:C 14 Jun 2025 20:09:55.801 * Configuration loaded
21:S 14 Jun 2025 20:09:55.806 * monotonic clock: POSIX clock_gettime
21:S 14 Jun 2025 20:09:55.823 * Running mode=standalone, port=6379.
21:S 14 Jun 2025 20:09:55.827 * Server initialized
21:S 14 Jun 2025 20:09:55.845 * Creating AOF base file appendonly-n5.aof.1.base.rdb on server start
21:S 14 Jun 2025 20:09:55.860 * Creating AOF incr file appendonly-n5.aof.1.incr.aof on server start
21:S 14 Jun 2025 20:09:55.862 * Ready to accept connections tcp
21:S 14 Jun 2025 20:09:55.866 * Connecting to MASTER n1:6379
21:S 14 Jun 2025 20:09:55.875 * MASTER <-> REPLICA sync started
21:S 14 Jun 2025 20:09:55.879 * Non blocking connect for SYNC fired the event.
21:S 14 Jun 2025 20:09:55.888 * Master replied to PING, replication can continue...
21:S 14 Jun 2025 20:09:55.892 * Partial resynchronization not possible (no cached master)
21:S 14 Jun 2025 20:09:55.924 * Full resync from master: a6ef07c2a13cb7d9b51a03d81bf84be2e84ac31c:0
21:S 14 Jun 2025 20:09:55.977 * MASTER <-> REPLICA sync: receiving 171 bytes from master to disk
21:S 14 Jun 2025 20:09:55.986 * MASTER <-> REPLICA sync: Flushing old data
21:S 14 Jun 2025 20:09:55.990 * MASTER <-> REPLICA sync: Loading DB in memory
21:S 14 Jun 2025 20:09:56.010 * Loading RDB produced by version 7.4.1
21:S 14 Jun 2025 20:09:56.013 * RDB age 1 seconds
21:S 14 Jun 2025 20:09:56.017 * RDB memory usage when created 1.10 Mb
21:S 14 Jun 2025 20:09:56.020 * Done loading RDB, keys loaded: 0, keys expired: 0.
21:S 14 Jun 2025 20:09:56.022 * MASTER <-> REPLICA sync: Finished with success
21:S 14 Jun 2025 20:09:56.024 * Creating AOF incr file temp-appendonly-n5.aof.incr on background rewrite
21:S 14 Jun 2025 20:09:56.028 * Background append only file rewriting started by pid 28
28:C 14 Jun 2025 20:09:56.040 * Successfully created the temporary AOF base file temp-rewriteaof-bg-28.aof
28:C 14 Jun 2025 20:09:56.045 * Fork CoW for AOF rewrite: current 0 MB, peak 0 MB, average 0 MB
21:S 14 Jun 2025 20:09:56.087 * Background AOF rewrite terminated with success
21:S 14 Jun 2025 20:09:56.091 * Successfully renamed the temporary AOF base file temp-rewriteaof-bg-28.aof into appendonly-n5.aof.2.base.rdb
21:S 14 Jun 2025 20:09:56.093 * Successfully renamed the temporary AOF incr file temp-appendonly-n5.aof.incr into appendonly-n5.aof.2.incr.aof
21:S 14 Jun 2025 20:09:56.118 * Removing the history file appendonly-n5.aof.1.incr.aof in the background
21:S 14 Jun 2025 20:09:56.122 * Removing the history file appendonly-n5.aof.1.base.rdb in the background
21:S 14 Jun 2025 20:09:56.141 * Background AOF rewrite finished successfully
21:S 14 Jun 2025 20:14:23.968 * DB saved on disk
21:S 14 Jun 2025 20:19:24.062 * 10 changes in 300 seconds. Saving...
21:S 14 Jun 2025 20:19:24.076 * Background saving started by pid 9490
9490:C 14 Jun 2025 20:19:24.107 * DB saved on disk
9490:C 14 Jun 2025 20:19:24.109 * Fork CoW for RDB: current 0 MB, peak 0 MB, average 0 MB
21:S 14 Jun 2025 20:19:24.186 * Background saving terminated with success
21:S 14 Jun 2025 20:23:53.005 * DB saved on disk
21:S 14 Jun 2025 20:28:54.107 * 10 changes in 300 seconds. Saving...
21:S 14 Jun 2025 20:28:54.160 * Background saving started by pid 9806
9806:C 14 Jun 2025 20:28:54.537 * DB saved on disk
9806:C 14 Jun 2025 20:28:54.644 * Fork CoW for RDB: current 0 MB, peak 0 MB, average 0 MB
21:S 14 Jun 2025 20:28:54.710 * Background saving terminated with success
21:C 14 Jun 2025 20:42:13.932 * oO0OoO0OoO0Oo Redis is starting oO0OoO0OoO0Oo
21:C 14 Jun 2025 20:42:13.937 * Redis version=7.4.1, bits=64, commit=00000000, modified=0, pid=21, just started
21:C 14 Jun 2025 20:42:13.941 * Configuration loaded
21:S 14 Jun 2025 20:42:13.946 * monotonic clock: POSIX clock_gettime
21:S 14 Jun 2025 20:42:13.956 * Running mode=standalone, port=6379.
21:S 14 Jun 2025 20:42:13.960 * Server initialized
21:S 14 Jun 2025 20:42:13.975 * Creating AOF base file appendonly-n5.aof.1.base.rdb on server start
21:S 14 Jun 2025 20:42:13.989 * Creating AOF incr file appendonly-n5.aof.1.incr.aof on server start
21:S 14 Jun 2025 20:42:13.993 * Ready to accept connections tcp
21:S 14 Jun 2025 20:42:13.996 * Connecting to MASTER n1:6379
21:S 14 Jun 2025 20:42:14.007 * MASTER <-> REPLICA sync started
21:S 14 Jun 2025 20:42:14.011 * Non blocking connect for SYNC fired the event.
21:S 14 Jun 2025 20:42:14.014 * Master replied to PING, replication can continue...
21:S 14 Jun 2025 20:42:14.019 * Partial resynchronization not possible (no cached master)
21:S 14 Jun 2025 20:42:14.046 * Full resync from master: b28fc0f7b59d9a05cf00883dfb88cb88c7955782:0
21:S 14 Jun 2025 20:42:14.158 * MASTER <-> REPLICA sync: receiving 171 bytes from master to disk
21:S 14 Jun 2025 20:42:14.163 * MASTER <-> REPLICA sync: Flushing old data
21:S 14 Jun 2025 20:42:14.167 * MASTER <-> REPLICA sync: Loading DB in memory
21:S 14 Jun 2025 20:42:14.175 * Loading RDB produced by version 7.4.1
21:S 14 Jun 2025 20:42:14.178 * RDB age 0 seconds
21:S 14 Jun 2025 20:42:14.179 * RDB memory usage when created 1.03 Mb
21:S 14 Jun 2025 20:42:14.181 * Done loading RDB, keys loaded: 0, keys expired: 0.
21:S 14 Jun 2025 20:42:14.186 * MASTER <-> REPLICA sync: Finished with success
21:S 14 Jun 2025 20:42:14.190 * Creating AOF incr file temp-appendonly-n5.aof.incr on background rewrite
21:S 14 Jun 2025 20:42:14.193 * Background append only file rewriting started by pid 28
28:C 14 Jun 2025 20:42:14.200 * Successfully created the temporary AOF base file temp-rewriteaof-bg-28.aof
28:C 14 Jun 2025 20:42:14.208 * Fork CoW for AOF rewrite: current 0 MB, peak 0 MB, average 0 MB
21:S 14 Jun 2025 20:42:14.214 * Background AOF rewrite terminated with success
21:S 14 Jun 2025 20:42:14.221 * Successfully renamed the temporary AOF base file temp-rewriteaof-bg-28.aof into appendonly-n5.aof.2.base.rdb
21:S 14 Jun 2025 20:42:14.228 * Successfully renamed the temporary AOF incr file temp-appendonly-n5.aof.incr into appendonly-n5.aof.2.incr.aof
21:S 14 Jun 2025 20:42:14.249 * Removing the history file appendonly-n5.aof.1.incr.aof in the background
21:S 14 Jun 2025 20:42:14.255 * Removing the history file appendonly-n5.aof.1.base.rdb in the background
21:S 14 Jun 2025 20:42:14.266 * Background AOF rewrite finished successfully
21:S 14 Jun 2025 20:48:47.747 * DB saved on disk
21:S 14 Jun 2025 20:53:48.020 * 10 changes in 300 seconds. Saving...
21:S 14 Jun 2025 20:53:48.029 * Background saving started by pid 9490
9490:C 14 Jun 2025 20:53:48.039 * DB saved on disk
9490:C 14 Jun 2025 20:53:48.042 * Fork CoW for RDB: current 0 MB, peak 0 MB, average 0 MB
21:S 14 Jun 2025 20:53:48.138 * Background saving terminated with success
21:S 14 Jun 2025 21:39:41.012 * DB saved on disk
21:S 14 Jun 2025 21:44:42.049 * 10 changes in 300 seconds. Saving...
21:S 14 Jun 2025 21:44:42.055 * Background saving started by pid 9806
9806:C 14 Jun 2025 21:44:42.067 * DB saved on disk
9806:C 14 Jun 2025 21:44:42.069 * Fork CoW for RDB: current 0 MB, peak 0 MB, average 0 MB
21:S 14 Jun 2025 21:44:42.158 * Background saving terminated with success
21:S 14 Jun 2025 21:47:06.190 * DB saved on disk
21:S 14 Jun 2025 21:49:40.431 * DB saved on disk
21:S 14 Jun 2025 21:54:41.069 * 10 changes in 300 seconds. Saving...
21:S 14 Jun 2025 21:54:41.073 * Background saving started by pid 10437
10437:C 14 Jun 2025 21:54:41.082 * DB saved on disk
10437:C 14 Jun 2025 21:54:41.085 * Fork CoW for RDB: current 0 MB, peak 0 MB, average 0 MB
21:S 14 Jun 2025 21:54:41.189 * Background saving terminated with success
21:S 14 Jun 2025 22:04:32.431 * DB saved on disk
21:S 14 Jun 2025 22:07:01.536 * DB saved on disk
21:S 14 Jun 2025 22:16:00.261 * DB saved on disk
21:S 14 Jun 2025 22:21:25.777 * DB saved on disk
21:S 14 Jun 2025 22:22:31.267 * DB saved on disk
21:S 14 Jun 2025 22:27:32.013 * 10 changes in 300 seconds. Saving...
21:S 14 Jun 2025 22:27:32.017 * Background saving started by pid 12077
12077:C 14 Jun 2025 22:27:32.030 * DB saved on disk
12077:C 14 Jun 2025 22:27:32.033 * Fork CoW for RDB: current 0 MB, peak 0 MB, average 0 MB
21:S 14 Jun 2025 22:27:32.121 * Background saving terminated with success
21:S 14 Jun 2025 22:39:03.792 * DB saved on disk
21:S 14 Jun 2025 22:44:04.081 * 10 changes in 300 seconds. Saving...
21:S 14 Jun 2025 22:44:04.086 * Background saving started by pid 12457
12457:C 14 Jun 2025 22:44:04.099 * DB saved on disk
12457:C 14 Jun 2025 22:44:04.102 * Fork CoW for RDB: current 0 MB, peak 0 MB, average 0 MB
21:S 14 Jun 2025 22:44:04.195 * Background saving terminated with success
21:S 14 Jun 2025 22:51:49.098 * DB saved on disk
21:S 14 Jun 2025 22:56:50.046 * 10 changes in 300 seconds. Saving...
21:S 14 Jun 2025 22:56:50.050 * Background saving started by pid 12839
12839:C 14 Jun 2025 22:56:50.062 * DB saved on disk
12839:C 14 Jun 2025 22:56:50.065 * Fork CoW for RDB: current 0 MB, peak 0 MB, average 0 MB
21:S 14 Jun 2025 22:56:50.156 * Background saving terminated with success
21:S 14 Jun 2025 23:04:24.228 * DB saved on disk
21:S 14 Jun 2025 23:09:25.044 * 10 changes in 300 seconds. Saving...
21:S 14 Jun 2025 23:09:25.049 * Background saving started by pid 13199
13199:C 14 Jun 2025 23:09:25.063 * DB saved on disk
13199:C 14 Jun 2025 23:09:25.065 * Fork CoW for RDB: current 0 MB, peak 0 MB, average 0 MB
21:S 14 Jun 2025 23:09:25.152 * Background saving terminated with success
19:C 15 Jun 2025 09:50:02.291 * oO0OoO0OoO0Oo Redis is starting oO0OoO0OoO0Oo
19:C 15 Jun 2025 09:50:02.294 * Redis version=7.4.1, bits=64, commit=00000000, modified=0, pid=19, just started
19:C 15 Jun 2025 09:50:02.296 * Configuration loaded
19:S 15 Jun 2025 09:50:02.299 * monotonic clock: POSIX clock_gettime
19:S 15 Jun 2025 09:50:02.301 * Running mode=standalone, port=6379.
19:S 15 Jun 2025 09:50:02.304 * Server initialized
19:S 15 Jun 2025 09:50:02.312 * Creating AOF base file appendonly-n5.aof.1.base.rdb on server start
19:S 15 Jun 2025 09:50:02.322 * Creating AOF incr file appendonly-n5.aof.1.incr.aof on server start
19:S 15 Jun 2025 09:50:02.324 * Ready to accept connections tcp
19:S 15 Jun 2025 09:50:02.326 * Connecting to MASTER n1:6379
19:S 15 Jun 2025 09:50:02.330 * MASTER <-> REPLICA sync started
19:S 15 Jun 2025 09:50:02.331 * Non blocking connect for SYNC fired the event.
19:S 15 Jun 2025 09:50:02.335 * Master replied to PING, replication can continue...
19:S 15 Jun 2025 09:50:02.337 * Partial resynchronization not possible (no cached master)
19:S 15 Jun 2025 09:50:02.346 * Full resync from master: bcbcb32c39f35a26e423af78c8b43198811402b6:0
19:S 15 Jun 2025 09:50:02.432 * MASTER <-> REPLICA sync: receiving 171 bytes from master to disk
19:S 15 Jun 2025 09:50:02.436 * MASTER <-> REPLICA sync: Flushing old data
19:S 15 Jun 2025 09:50:02.439 * MASTER <-> REPLICA sync: Loading DB in memory
19:S 15 Jun 2025 09:50:02.449 * Loading RDB produced by version 7.4.1
19:S 15 Jun 2025 09:50:02.451 * RDB age 0 seconds
19:S 15 Jun 2025 09:50:02.452 * RDB memory usage when created 1.10 Mb
19:S 15 Jun 2025 09:50:02.454 * Done loading RDB, keys loaded: 0, keys expired: 0.
19:S 15 Jun 2025 09:50:02.456 * MASTER <-> REPLICA sync: Finished with success
19:S 15 Jun 2025 09:50:02.458 * Creating AOF incr file temp-appendonly-n5.aof.incr on background rewrite
19:S 15 Jun 2025 09:50:02.460 * Background append only file rewriting started by pid 26
26:C 15 Jun 2025 09:50:02.464 * Successfully created the temporary AOF base file temp-rewriteaof-bg-26.aof
26:C 15 Jun 2025 09:50:02.466 * Fork CoW for AOF rewrite: current 0 MB, peak 0 MB, average 0 MB
19:S 15 Jun 2025 09:50:02.540 * Background AOF rewrite terminated with success
19:S 15 Jun 2025 09:50:02.548 * Successfully renamed the temporary AOF base file temp-rewriteaof-bg-26.aof into appendonly-n5.aof.2.base.rdb
19:S 15 Jun 2025 09:50:02.557 * Successfully renamed the temporary AOF incr file temp-appendonly-n5.aof.incr into appendonly-n5.aof.2.incr.aof
19:S 15 Jun 2025 09:50:02.590 * Removing the history file appendonly-n5.aof.1.incr.aof in the background
19:S 15 Jun 2025 09:50:02.592 * Removing the history file appendonly-n5.aof.1.base.rdb in the background
19:S 15 Jun 2025 09:50:02.605 * Background AOF rewrite finished successfully
20:C 15 Jun 2025 09:57:53.180 * oO0OoO0OoO0Oo Redis is starting oO0OoO0OoO0Oo
20:C 15 Jun 2025 09:57:53.183 * Redis version=7.4.1, bits=64, commit=00000000, modified=0, pid=20, just started
20:C 15 Jun 2025 09:57:53.185 * Configuration loaded
20:S 15 Jun 2025 09:57:53.188 * monotonic clock: POSIX clock_gettime
20:S 15 Jun 2025 09:57:53.192 * Running mode=standalone, port=6379.
20:S 15 Jun 2025 09:57:53.195 * Server initialized
20:S 15 Jun 2025 09:57:53.204 * Creating AOF base file appendonly-n5.aof.1.base.rdb on server start
20:S 15 Jun 2025 09:57:53.212 * Creating AOF incr file appendonly-n5.aof.1.incr.aof on server start
20:S 15 Jun 2025 09:57:53.214 * Ready to accept connections tcp
20:S 15 Jun 2025 09:57:53.217 * Connecting to MASTER n1:6379
20:S 15 Jun 2025 09:57:53.222 * MASTER <-> REPLICA sync started
20:S 15 Jun 2025 09:57:53.225 # Error condition on socket for SYNC: Connection refused
20:S 15 Jun 2025 09:57:54.230 * Connecting to MASTER n1:6379
20:S 15 Jun 2025 09:57:54.233 * MASTER <-> REPLICA sync started
20:S 15 Jun 2025 09:57:54.235 * Non blocking connect for SYNC fired the event.
20:S 15 Jun 2025 09:57:54.237 * Master replied to PING, replication can continue...
20:S 15 Jun 2025 09:57:54.239 * Partial resynchronization not possible (no cached master)
20:S 15 Jun 2025 09:57:54.246 * Full resync from master: 3f5e890e9ade3c71496354c349e70ae754b75573:0
20:S 15 Jun 2025 09:57:54.320 * MASTER <-> REPLICA sync: receiving 171 bytes from master to disk
20:S 15 Jun 2025 09:57:54.325 * MASTER <-> REPLICA sync: Flushing old data
20:S 15 Jun 2025 09:57:54.329 * MASTER <-> REPLICA sync: Loading DB in memory
20:S 15 Jun 2025 09:57:54.340 * Loading RDB produced by version 7.4.1
20:S 15 Jun 2025 09:57:54.342 * RDB age 0 seconds
20:S 15 Jun 2025 09:57:54.345 * RDB memory usage when created 1.03 Mb
20:S 15 Jun 2025 09:57:54.347 * Done loading RDB, keys loaded: 0, keys expired: 0.
20:S 15 Jun 2025 09:57:54.349 * MASTER <-> REPLICA sync: Finished with success
20:S 15 Jun 2025 09:57:54.352 * Creating AOF incr file temp-appendonly-n5.aof.incr on background rewrite
20:S 15 Jun 2025 09:57:54.355 * Background append only file rewriting started by pid 27
27:C 15 Jun 2025 09:57:54.358 * Successfully created the temporary AOF base file temp-rewriteaof-bg-27.aof
27:C 15 Jun 2025 09:57:54.361 * Fork CoW for AOF rewrite: current 0 MB, peak 0 MB, average 0 MB
20:S 15 Jun 2025 09:57:54.458 * Background AOF rewrite terminated with success
20:S 15 Jun 2025 09:57:54.461 * Successfully renamed the temporary AOF base file temp-rewriteaof-bg-27.aof into appendonly-n5.aof.2.base.rdb
20:S 15 Jun 2025 09:57:54.463 * Successfully renamed the temporary AOF incr file temp-appendonly-n5.aof.incr into appendonly-n5.aof.2.incr.aof
20:S 15 Jun 2025 09:57:54.471 * Removing the history file appendonly-n5.aof.1.incr.aof in the background
20:S 15 Jun 2025 09:57:54.473 * Removing the history file appendonly-n5.aof.1.base.rdb in the background
20:S 15 Jun 2025 09:57:54.480 * Background AOF rewrite finished successfully
20:S 15 Jun 2025 10:00:47.149 * DB saved on disk
20:S 15 Jun 2025 10:05:48.039 * 10 changes in 300 seconds. Saving...
20:S 15 Jun 2025 10:05:48.042 * Background saving started by pid 9539
9539:C 15 Jun 2025 10:05:48.052 * DB saved on disk
9539:C 15 Jun 2025 10:05:48.054 * Fork CoW for RDB: current 0 MB, peak 0 MB, average 0 MB
20:S 15 Jun 2025 10:05:48.145 * Background saving terminated with success
20:C 15 Jun 2025 10:16:13.683 * oO0OoO0OoO0Oo Redis is starting oO0OoO0OoO0Oo
20:C 15 Jun 2025 10:16:13.687 * Redis version=7.4.1, bits=64, commit=00000000, modified=0, pid=20, just started
20:C 15 Jun 2025 10:16:13.689 * Configuration loaded
20:S 15 Jun 2025 10:16:13.693 * monotonic clock: POSIX clock_gettime
20:S 15 Jun 2025 10:16:13.697 * Running mode=standalone, port=6379.
20:S 15 Jun 2025 10:16:13.701 * Server initialized
20:S 15 Jun 2025 10:16:13.710 * Creating AOF base file appendonly-n5.aof.1.base.rdb on server start
20:S 15 Jun 2025 10:16:13.724 * Creating AOF incr file appendonly-n5.aof.1.incr.aof on server start
20:S 15 Jun 2025 10:16:13.726 * Ready to accept connections tcp
20:S 15 Jun 2025 10:16:13.729 * Connecting to MASTER n1:6379
20:S 15 Jun 2025 10:16:13.735 * MASTER <-> REPLICA sync started
20:S 15 Jun 2025 10:16:13.737 * Non blocking connect for SYNC fired the event.
20:S 15 Jun 2025 10:16:13.750 * Master replied to PING, replication can continue...
20:S 15 Jun 2025 10:16:13.753 * Partial resynchronization not possible (no cached master)
20:S 15 Jun 2025 10:16:13.759 * Full resync from master: 9b4b2353262d9d2de8b9917d9ec483b2026022e5:0
20:S 15 Jun 2025 10:16:13.831 * MASTER <-> REPLICA sync: receiving 171 bytes from master to disk
20:S 15 Jun 2025 10:16:13.837 * MASTER <-> REPLICA sync: Flushing old data
20:S 15 Jun 2025 10:16:13.840 * MASTER <-> REPLICA sync: Loading DB in memory
20:S 15 Jun 2025 10:16:13.856 * Loading RDB produced by version 7.4.1
20:S 15 Jun 2025 10:16:13.859 * RDB age 0 seconds
20:S 15 Jun 2025 10:16:13.863 * RDB memory usage when created 1.00 Mb
20:S 15 Jun 2025 10:16:13.866 * Done loading RDB, keys loaded: 0, keys expired: 0.
20:S 15 Jun 2025 10:16:13.869 * MASTER <-> REPLICA sync: Finished with success
20:S 15 Jun 2025 10:16:13.872 * Creating AOF incr file temp-appendonly-n5.aof.incr on background rewrite
20:S 15 Jun 2025 10:16:13.876 * Background append only file rewriting started by pid 27
27:C 15 Jun 2025 10:16:13.882 * Successfully created the temporary AOF base file temp-rewriteaof-bg-27.aof
27:C 15 Jun 2025 10:16:13.885 * Fork CoW for AOF rewrite: current 0 MB, peak 0 MB, average 0 MB
20:S 15 Jun 2025 10:16:13.981 * Background AOF rewrite terminated with success
20:S 15 Jun 2025 10:16:13.985 * Successfully renamed the temporary AOF base file temp-rewriteaof-bg-27.aof into appendonly-n5.aof.2.base.rdb
20:S 15 Jun 2025 10:16:13.988 * Successfully renamed the temporary AOF incr file temp-appendonly-n5.aof.incr into appendonly-n5.aof.2.incr.aof
20:S 15 Jun 2025 10:16:14.004 * Removing the history file appendonly-n5.aof.1.incr.aof in the background
20:S 15 Jun 2025 10:16:14.007 * Removing the history file appendonly-n5.aof.1.base.rdb in the background
20:S 15 Jun 2025 10:16:14.021 * Background AOF rewrite finished successfully
20:M 15 Jun 2025 10:16:28.877 * Connection with master lost.
20:M 15 Jun 2025 10:16:28.882 * Caching the disconnected master state.
20:S 15 Jun 2025 10:16:28.888 * Connecting to MASTER 172.20.0.11:6379
20:S 15 Jun 2025 10:16:28.892 * MASTER <-> REPLICA sync started
20:S 15 Jun 2025 10:16:28.897 * REPLICAOF 172.20.0.11:6379 enabled (user request from 'id=6 addr=172.20.0.14:56746 laddr=172.20.0.15:6379 fd=13 name=sentinel-caad67cc-cmd age=10 idle=0 flags=x db=0 sub=0 psub=0 ssub=0 multi=4 watch=0 qbuf=199 qbuf-free=20275 argv-mem=4 multi-mem=179 rbs=1024 rbp=1024 obl=45 oll=0 omem=0 tot-mem=22703 events=r cmd=exec user=default redir=-1 resp=2 lib-name= lib-ver=')
20:S 15 Jun 2025 10:16:28.918 # Could not rename tmp config file (Device or resource busy)
20:S 15 Jun 2025 10:16:28.920 # CONFIG REWRITE failed: Device or resource busy
20:S 15 Jun 2025 10:16:28.923 * Non blocking connect for SYNC fired the event.
20:S 15 Jun 2025 10:16:28.932 * Master replied to PING, replication can continue...
20:S 15 Jun 2025 10:16:28.936 * Trying a partial resynchronization (request 9b4b2353262d9d2de8b9917d9ec483b2026022e5:3052).
20:S 15 Jun 2025 10:16:28.945 * Successful partial resynchronization with master.
20:S 15 Jun 2025 10:16:28.947 * MASTER <-> REPLICA sync: Master accepted a Partial Resynchronization.
20:S 15 Jun 2025 10:38:46.248 * DB saved on disk
20:M 15 Jun 2025 10:39:34.466 * Connection with master lost.
20:M 15 Jun 2025 10:39:34.466 * Caching the disconnected master state.
20:S 15 Jun 2025 10:39:34.467 * Connecting to MASTER 172.20.0.13:6379
20:S 15 Jun 2025 10:39:34.468 * MASTER <-> REPLICA sync started
20:S 15 Jun 2025 10:39:34.469 * REPLICAOF 172.20.0.13:6379 enabled (user request from 'id=29 addr=172.20.0.12:59064 laddr=172.20.0.15:6379 fd=25 name=sentinel-fff456ec-cmd age=18 idle=0 flags=x db=0 sub=0 psub=0 ssub=0 multi=4 watch=0 qbuf=199 qbuf-free=20275 argv-mem=4 multi-mem=179 rbs=8192 rbp=4096 obl=45 oll=0 omem=0 tot-mem=29871 events=r cmd=exec user=default redir=-1 resp=2 lib-name= lib-ver=')
20:S 15 Jun 2025 10:39:34.474 # Could not rename tmp config file (Device or resource busy)
20:S 15 Jun 2025 10:39:34.474 # CONFIG REWRITE failed: Device or resource busy
20:S 15 Jun 2025 10:39:34.475 * Non blocking connect for SYNC fired the event.
20:S 15 Jun 2025 10:39:34.476 * Master replied to PING, replication can continue...
20:S 15 Jun 2025 10:39:34.477 * Trying a partial resynchronization (request 9b4b2353262d9d2de8b9917d9ec483b2026022e5:494026).
20:S 15 Jun 2025 10:39:34.480 * Successful partial resynchronization with master.
20:S 15 Jun 2025 10:39:34.481 * Master replication ID changed to cb409a414b6c063a88e82b80c6ebd3edff29eba0
20:S 15 Jun 2025 10:39:34.482 * MASTER <-> REPLICA sync: Master accepted a Partial Resynchronization.
20:M 15 Jun 2025 10:41:04.099 * Connection with master lost.
20:M 15 Jun 2025 10:41:04.101 * Caching the disconnected master state.
20:S 15 Jun 2025 10:41:04.103 * Connecting to MASTER 172.20.0.14:6379
20:S 15 Jun 2025 10:41:04.104 * MASTER <-> REPLICA sync started
20:S 15 Jun 2025 10:41:04.105 * REPLICAOF 172.20.0.14:6379 enabled (user request from 'id=50 addr=172.20.0.11:43680 laddr=172.20.0.15:6379 fd=25 name=sentinel-dec3cd91-cmd age=47 idle=0 flags=x db=0 sub=0 psub=0 ssub=0 multi=4 watch=0 qbuf=336 qbuf-free=20138 argv-mem=4 multi-mem=179 rbs=1024 rbp=1024 obl=45 oll=0 omem=0 tot-mem=22703 events=r cmd=exec user=default redir=-1 resp=2 lib-name= lib-ver=')
20:S 15 Jun 2025 10:41:04.113 # Could not rename tmp config file (Device or resource busy)
20:S 15 Jun 2025 10:41:04.115 # CONFIG REWRITE failed: Device or resource busy
20:S 15 Jun 2025 10:41:04.117 * Non blocking connect for SYNC fired the event.
20:S 15 Jun 2025 10:41:04.118 * Master replied to PING, replication can continue...
20:S 15 Jun 2025 10:41:04.120 * Trying a partial resynchronization (request cb409a414b6c063a88e82b80c6ebd3edff29eba0:524475).
20:S 15 Jun 2025 10:41:04.122 * Successful partial resynchronization with master.
20:S 15 Jun 2025 10:41:04.123 * Master replication ID changed to c58977ad1d924368b523afc91cba7843f9d793c0
20:S 15 Jun 2025 10:41:04.124 * MASTER <-> REPLICA sync: Master accepted a Partial Resynchronization.
20:M 15 Jun 2025 10:41:34.383 * Connection with master lost.
20:M 15 Jun 2025 10:41:34.384 * Caching the disconnected master state.
20:S 15 Jun 2025 10:41:34.386 * Connecting to MASTER 172.20.0.13:6379
20:S 15 Jun 2025 10:41:34.387 * MASTER <-> REPLICA sync started
20:S 15 Jun 2025 10:41:34.389 * REPLICAOF 172.20.0.13:6379 enabled (user request from 'id=65 addr=172.20.0.11:51346 laddr=172.20.0.15:6379 fd=17 name=sentinel-dec3cd91-cmd age=28 idle=0 flags=x db=0 sub=0 psub=0 ssub=0 multi=4 watch=0 qbuf=350 qbuf-free=20124 argv-mem=4 multi-mem=179 rbs=2048 rbp=2048 obl=45 oll=0 omem=0 tot-mem=23727 events=r cmd=exec user=default redir=-1 resp=2 lib-name= lib-ver=')
20:S 15 Jun 2025 10:41:34.396 # Could not rename tmp config file (Device or resource busy)
20:S 15 Jun 2025 10:41:34.398 # CONFIG REWRITE failed: Device or resource busy
20:S 15 Jun 2025 10:41:34.400 * Non blocking connect for SYNC fired the event.
20:S 15 Jun 2025 10:41:34.401 * Master replied to PING, replication can continue...
20:S 15 Jun 2025 10:41:34.403 * Trying a partial resynchronization (request c58977ad1d924368b523afc91cba7843f9d793c0:531116).
20:S 15 Jun 2025 10:41:34.410 * Full resync from master: 2810ef809f6377a9578f7e700f532043d23be694:535636
20:S 15 Jun 2025 10:41:34.442 * MASTER <-> REPLICA sync: receiving 192 bytes from master to disk
20:S 15 Jun 2025 10:41:34.444 * Discarding previously cached master state.
20:S 15 Jun 2025 10:41:34.445 * MASTER <-> REPLICA sync: Flushing old data
20:S 15 Jun 2025 10:41:34.447 * MASTER <-> REPLICA sync: Loading DB in memory
20:S 15 Jun 2025 10:41:34.455 * Loading RDB produced by version 7.4.1
20:S 15 Jun 2025 10:41:34.456 * RDB age 0 seconds
20:S 15 Jun 2025 10:41:34.457 * RDB memory usage when created 1.94 Mb
20:S 15 Jun 2025 10:41:34.458 * Done loading RDB, keys loaded: 1, keys expired: 0.
20:S 15 Jun 2025 10:41:34.459 * MASTER <-> REPLICA sync: Finished with success
20:S 15 Jun 2025 10:41:34.460 * Creating AOF incr file temp-appendonly-n5.aof.incr on background rewrite
20:S 15 Jun 2025 10:41:34.462 * Background append only file rewriting started by pid 9574
9574:C 15 Jun 2025 10:41:34.466 * Successfully created the temporary AOF base file temp-rewriteaof-bg-9574.aof
9574:C 15 Jun 2025 10:41:34.469 * Fork CoW for AOF rewrite: current 0 MB, peak 0 MB, average 0 MB
20:S 15 Jun 2025 10:41:34.501 * Background AOF rewrite terminated with success
20:S 15 Jun 2025 10:41:34.503 * Successfully renamed the temporary AOF base file temp-rewriteaof-bg-9574.aof into appendonly-n5.aof.3.base.rdb
20:S 15 Jun 2025 10:41:34.504 * Successfully renamed the temporary AOF incr file temp-appendonly-n5.aof.incr into appendonly-n5.aof.3.incr.aof
20:S 15 Jun 2025 10:41:34.511 * Removing the history file appendonly-n5.aof.2.incr.aof in the background
20:S 15 Jun 2025 10:41:34.512 * Removing the history file appendonly-n5.aof.2.base.rdb in the background
20:S 15 Jun 2025 10:41:34.521 * Background AOF rewrite finished successfully
20:S 15 Jun 2025 10:43:47.050 * 10 changes in 300 seconds. Saving...
20:S 15 Jun 2025 10:43:47.051 * Background saving started by pid 9579
9579:C 15 Jun 2025 10:43:47.057 * DB saved on disk
9579:C 15 Jun 2025 10:43:47.058 * Fork CoW for RDB: current 0 MB, peak 0 MB, average 0 MB
20:S 15 Jun 2025 10:43:47.153 * Background saving terminated with success
20:S 15 Jun 2025 11:03:44.803 * DB saved on disk
20:M 15 Jun 2025 11:04:31.203 * Connection with master lost.
20:M 15 Jun 2025 11:04:31.203 * Caching the disconnected master state.
20:M 15 Jun 2025 11:04:31.204 * Discarding previously cached master state.
20:M 15 Jun 2025 11:04:31.205 * Setting secondary replication ID to 2810ef809f6377a9578f7e700f532043d23be694, valid up to offset: 1006853. New replication ID is 7789101fb75ac3b0b4368940e9f706e929681712
20:M 15 Jun 2025 11:04:31.206 * MASTER MODE enabled (user request from 'id=93 addr=172.20.0.11:45906 laddr=172.20.0.15:6379 fd=28 name=sentinel-dec3cd91-cmd age=16 idle=0 flags=x db=0 sub=0 psub=0 ssub=0 multi=4 watch=0 qbuf=188 qbuf-free=20286 argv-mem=4 multi-mem=169 rbs=1024 rbp=1024 obl=45 oll=0 omem=0 tot-mem=22693 events=r cmd=exec user=default redir=-1 resp=2 lib-name= lib-ver=')
20:M 15 Jun 2025 11:04:31.220 # Could not rename tmp config file (Device or resource busy)
20:M 15 Jun 2025 11:04:31.221 # CONFIG REWRITE failed: Device or resource busy
20:M 15 Jun 2025 11:04:42.162 * Replica 172.20.0.12:6379 asks for synchronization
20:M 15 Jun 2025 11:04:42.163 * Partial resynchronization request from 172.20.0.12:6379 accepted. Sending 2489 bytes of backlog starting from offset 1006853.
20:M 15 Jun 2025 11:04:42.165 * Replica 172.20.0.11:6379 asks for synchronization
20:M 15 Jun 2025 11:04:42.166 * Partial resynchronization request from 172.20.0.11:6379 accepted. Sending 2489 bytes of backlog starting from offset 1006853.
20:M 15 Jun 2025 11:04:55.741 * Replica 172.20.0.13:6379 asks for synchronization
20:M 15 Jun 2025 11:04:55.742 * Partial resynchronization not accepted: Requested offset for second ID was 1017170, but I can reply up to 1006853
20:M 15 Jun 2025 11:04:55.743 * Starting BGSAVE for SYNC with target: disk
20:M 15 Jun 2025 11:04:55.745 * Background saving started by pid 9939
9939:C 15 Jun 2025 11:04:55.753 * DB saved on disk
9939:C 15 Jun 2025 11:04:55.754 * Fork CoW for RDB: current 0 MB, peak 0 MB, average 0 MB
20:M 15 Jun 2025 11:04:55.788 * Background saving terminated with success
20:M 15 Jun 2025 11:04:55.789 * Synchronization with replica 172.20.0.13:6379 succeeded
20:M 15 Jun 2025 11:05:31.344 * Replica 172.20.0.14:6379 asks for synchronization
20:M 15 Jun 2025 11:05:31.344 * Partial resynchronization not accepted: Requested offset for second ID was 1017170, but I can reply up to 1006853
20:M 15 Jun 2025 11:05:31.345 * Starting BGSAVE for SYNC with target: disk
20:M 15 Jun 2025 11:05:31.346 * Background saving started by pid 9946
9946:C 15 Jun 2025 11:05:31.355 * DB saved on disk
9946:C 15 Jun 2025 11:05:31.356 * Fork CoW for RDB: current 0 MB, peak 0 MB, average 0 MB
20:M 15 Jun 2025 11:05:31.384 * Background saving terminated with success
20:M 15 Jun 2025 11:05:31.385 * Synchronization with replica 172.20.0.14:6379 succeeded
20:M 15 Jun 2025 11:16:08.056 * DB saved on disk
20:M 15 Jun 2025 11:25:16.962 * DB saved on disk
20:M 15 Jun 2025 11:33:36.050 * DB saved on disk
20:M 15 Jun 2025 11:37:10.873 * DB saved on disk
20:M 15 Jun 2025 11:46:11.799 * DB saved on disk
