20:C 22 Jun 2025 19:43:04.931 * oO0OoO0OoO0Oo Redis is starting oO0OoO0OoO0Oo
20:C 22 Jun 2025 19:43:04.933 * Redis version=7.4.1, bits=64, commit=00000000, modified=0, pid=20, just started
20:C 22 Jun 2025 19:43:04.935 * Configuration loaded
20:S 22 Jun 2025 19:43:04.938 * monotonic clock: POSIX clock_gettime
20:S 22 Jun 2025 19:43:04.941 * Running mode=standalone, port=6379.
20:S 22 Jun 2025 19:43:04.944 * Server initialized
20:S 22 Jun 2025 19:43:04.953 * Creating AOF base file appendonly-n2.aof.1.base.rdb on server start
20:S 22 Jun 2025 19:43:04.963 * Creating AOF incr file appendonly-n2.aof.1.incr.aof on server start
20:S 22 Jun 2025 19:43:04.964 * Ready to accept connections tcp
20:S 22 Jun 2025 19:43:04.966 * Connecting to MASTER 172.20.0.11:6379
20:S 22 Jun 2025 19:43:04.968 * MASTER <-> REPLICA sync started
20:S 22 Jun 2025 19:43:04.970 * Non blocking connect for SYNC fired the event.
20:S 22 Jun 2025 19:43:04.971 * Master replied to PING, replication can continue...
20:S 22 Jun 2025 19:43:04.973 * Partial resynchronization not possible (no cached master)
20:S 22 Jun 2025 19:43:04.983 * Full resync from master: 2825c89ae9b9b74623dc423ce8c574155d4d52a9:0
20:S 22 Jun 2025 19:43:05.072 * MASTER <-> REPLICA sync: receiving 171 bytes from master to disk
20:S 22 Jun 2025 19:43:05.075 * MASTER <-> REPLICA sync: Flushing old data
20:S 22 Jun 2025 19:43:05.077 * MASTER <-> REPLICA sync: Loading DB in memory
20:S 22 Jun 2025 19:43:05.087 * Loading RDB produced by version 7.4.1
20:S 22 Jun 2025 19:43:05.089 * RDB age 1 seconds
20:S 22 Jun 2025 19:43:05.090 * RDB memory usage when created 1.06 Mb
20:S 22 Jun 2025 19:43:05.092 * Done loading RDB, keys loaded: 0, keys expired: 0.
20:S 22 Jun 2025 19:43:05.094 * MASTER <-> REPLICA sync: Finished with success
20:S 22 Jun 2025 19:43:05.095 * Creating AOF incr file temp-appendonly-n2.aof.incr on background rewrite
20:S 22 Jun 2025 19:43:05.098 * Background append only file rewriting started by pid 27
27:C 22 Jun 2025 19:43:05.102 * Successfully created the temporary AOF base file temp-rewriteaof-bg-27.aof
27:C 22 Jun 2025 19:43:05.104 * Fork CoW for AOF rewrite: current 0 MB, peak 0 MB, average 0 MB
20:S 22 Jun 2025 19:43:05.172 * Background AOF rewrite terminated with success
20:S 22 Jun 2025 19:43:05.175 * Successfully renamed the temporary AOF base file temp-rewriteaof-bg-27.aof into appendonly-n2.aof.2.base.rdb
20:S 22 Jun 2025 19:43:05.177 * Successfully renamed the temporary AOF incr file temp-appendonly-n2.aof.incr into appendonly-n2.aof.2.incr.aof
20:S 22 Jun 2025 19:43:05.189 * Removing the history file appendonly-n2.aof.1.incr.aof in the background
20:S 22 Jun 2025 19:43:05.190 * Removing the history file appendonly-n2.aof.1.base.rdb in the background
20:S 22 Jun 2025 19:43:05.197 * Background AOF rewrite finished successfully
20:S 22 Jun 2025 19:48:12.399 * DB saved on disk
20:S 22 Jun 2025 19:52:55.886 * DB saved on disk
20:S 22 Jun 2025 19:57:56.094 * 10 changes in 300 seconds. Saving...
20:S 22 Jun 2025 19:57:56.102 * Background saving started by pid 9847
9847:C 22 Jun 2025 19:57:56.115 * DB saved on disk
9847:C 22 Jun 2025 19:57:56.117 * Fork CoW for RDB: current 0 MB, peak 0 MB, average 0 MB
20:S 22 Jun 2025 19:57:56.207 * Background saving terminated with success
20:S 22 Jun 2025 20:00:40.389 * DB saved on disk
20:S 22 Jun 2025 20:05:35.258 * DB saved on disk
20:M 22 Jun 2025 20:06:53.150 * Connection with master lost.
20:M 22 Jun 2025 20:06:53.151 * Caching the disconnected master state.
20:S 22 Jun 2025 20:06:53.153 * Connecting to MASTER 172.20.0.15:6379
20:S 22 Jun 2025 20:06:53.154 * MASTER <-> REPLICA sync started
20:S 22 Jun 2025 20:06:53.156 * REPLICAOF 172.20.0.15:6379 enabled (user request from 'id=10 addr=172.20.0.12:45874 laddr=172.20.0.12:6379 fd=17 name=sentinel-3365b5db-cmd age=1423 idle=0 flags=x db=0 sub=0 psub=0 ssub=0 multi=4 watch=0 qbuf=336 qbuf-free=20138 argv-mem=4 multi-mem=179 rbs=1024 rbp=1024 obl=45 oll=0 omem=0 tot-mem=22703 events=r cmd=exec user=default redir=-1 resp=2 lib-name= lib-ver=')
20:S 22 Jun 2025 20:06:53.165 # Could not rename tmp config file (Device or resource busy)
20:S 22 Jun 2025 20:06:53.166 # CONFIG REWRITE failed: Device or resource busy
20:S 22 Jun 2025 20:06:53.168 * Non blocking connect for SYNC fired the event.
20:S 22 Jun 2025 20:06:53.169 * Master replied to PING, replication can continue...
20:S 22 Jun 2025 20:06:53.170 * Trying a partial resynchronization (request 2825c89ae9b9b74623dc423ce8c574155d4d52a9:801793).
20:S 22 Jun 2025 20:06:53.172 * Successful partial resynchronization with master.
20:S 22 Jun 2025 20:06:53.173 * Master replication ID changed to 7f69fb251c4fa9c72fc067a8cfb0069fdd5697ba
20:S 22 Jun 2025 20:06:53.174 * MASTER <-> REPLICA sync: Master accepted a Partial Resynchronization.
20:M 22 Jun 2025 20:07:33.447 * Connection with master lost.
20:M 22 Jun 2025 20:07:33.449 * Caching the disconnected master state.
20:S 22 Jun 2025 20:07:33.451 * Connecting to MASTER 172.20.0.14:6379
20:S 22 Jun 2025 20:07:33.453 * MASTER <-> REPLICA sync started
20:S 22 Jun 2025 20:07:33.453 * REPLICAOF 172.20.0.14:6379 enabled (user request from 'id=52 addr=172.20.0.12:53558 laddr=172.20.0.12:6379 fd=17 name=sentinel-3365b5db-cmd age=10 idle=0 flags=x db=0 sub=0 psub=0 ssub=0 multi=4 watch=0 qbuf=199 qbuf-free=20275 argv-mem=4 multi-mem=179 rbs=1024 rbp=1024 obl=45 oll=0 omem=0 tot-mem=22703 events=r cmd=exec user=default redir=-1 resp=2 lib-name= lib-ver=')
20:S 22 Jun 2025 20:07:33.458 # Could not rename tmp config file (Device or resource busy)
20:S 22 Jun 2025 20:07:33.459 # CONFIG REWRITE failed: Device or resource busy
20:S 22 Jun 2025 20:07:33.460 * Non blocking connect for SYNC fired the event.
20:S 22 Jun 2025 20:07:33.461 * Master replied to PING, replication can continue...
20:S 22 Jun 2025 20:07:33.462 * Trying a partial resynchronization (request 7f69fb251c4fa9c72fc067a8cfb0069fdd5697ba:821031).
20:S 22 Jun 2025 20:07:33.465 * Successful partial resynchronization with master.
20:S 22 Jun 2025 20:07:33.466 * Master replication ID changed to 708005b78117ee93f5db3459300d572f6c91530a
20:S 22 Jun 2025 20:07:33.467 * MASTER <-> REPLICA sync: Master accepted a Partial Resynchronization.
20:M 22 Jun 2025 20:08:17.018 * Connection with master lost.
20:M 22 Jun 2025 20:08:17.019 * Caching the disconnected master state.
20:S 22 Jun 2025 20:08:17.021 * Connecting to MASTER 172.20.0.13:6379
20:S 22 Jun 2025 20:08:17.021 * MASTER <-> REPLICA sync started
20:S 22 Jun 2025 20:08:17.022 * REPLICAOF 172.20.0.13:6379 enabled (user request from 'id=67 addr=172.20.0.14:53914 laddr=172.20.0.12:6379 fd=13 name=sentinel-3b166d05-cmd age=11 idle=0 flags=x db=0 sub=0 psub=0 ssub=0 multi=4 watch=0 qbuf=199 qbuf-free=20275 argv-mem=4 multi-mem=179 rbs=1024 rbp=1024 obl=45 oll=0 omem=0 tot-mem=22703 events=r cmd=exec user=default redir=-1 resp=2 lib-name= lib-ver=')
20:S 22 Jun 2025 20:08:17.029 # Could not rename tmp config file (Device or resource busy)
20:S 22 Jun 2025 20:08:17.030 # CONFIG REWRITE failed: Device or resource busy
20:S 22 Jun 2025 20:08:24.844 * Connecting to MASTER 172.20.0.11:6379
20:S 22 Jun 2025 20:08:24.845 * MASTER <-> REPLICA sync started
20:S 22 Jun 2025 20:08:24.845 * REPLICAOF 172.20.0.11:6379 enabled (user request from 'id=67 addr=172.20.0.14:53914 laddr=172.20.0.12:6379 fd=13 name=sentinel-3b166d05-cmd age=18 idle=0 flags=x db=0 sub=0 psub=0 ssub=0 multi=4 watch=0 qbuf=213 qbuf-free=20261 argv-mem=4 multi-mem=179 rbs=8192 rbp=4096 obl=45 oll=0 omem=0 tot-mem=29871 events=r cmd=exec user=default redir=-1 resp=2 lib-name= lib-ver=')
20:S 22 Jun 2025 20:08:24.852 # Could not rename tmp config file (Device or resource busy)
20:S 22 Jun 2025 20:08:24.853 # CONFIG REWRITE failed: Device or resource busy
20:S 22 Jun 2025 20:08:24.854 * Non blocking connect for SYNC fired the event.
20:S 22 Jun 2025 20:08:24.855 * Master replied to PING, replication can continue...
20:S 22 Jun 2025 20:08:24.855 * Trying a partial resynchronization (request 708005b78117ee93f5db3459300d572f6c91530a:852638).
20:S 22 Jun 2025 20:08:24.859 * Full resync from master: 54ba05237503ac5cfbad3182b531c5b11b512fd3:858245
20:S 22 Jun 2025 20:08:24.900 * MASTER <-> REPLICA sync: receiving 192 bytes from master to disk
20:S 22 Jun 2025 20:08:24.902 * Discarding previously cached master state.
20:S 22 Jun 2025 20:08:24.902 * MASTER <-> REPLICA sync: Flushing old data
20:S 22 Jun 2025 20:08:24.904 * MASTER <-> REPLICA sync: Loading DB in memory
20:S 22 Jun 2025 20:08:24.909 * Loading RDB produced by version 7.4.1
20:S 22 Jun 2025 20:08:24.910 * RDB age 0 seconds
20:S 22 Jun 2025 20:08:24.911 * RDB memory usage when created 1.50 Mb
20:S 22 Jun 2025 20:08:24.912 * Done loading RDB, keys loaded: 1, keys expired: 0.
20:S 22 Jun 2025 20:08:24.914 * MASTER <-> REPLICA sync: Finished with success
20:S 22 Jun 2025 20:08:24.916 * Creating AOF incr file temp-appendonly-n2.aof.incr on background rewrite
20:S 22 Jun 2025 20:08:24.917 * Background append only file rewriting started by pid 10558
10558:C 22 Jun 2025 20:08:24.922 * Successfully created the temporary AOF base file temp-rewriteaof-bg-10558.aof
10558:C 22 Jun 2025 20:08:24.923 * Fork CoW for AOF rewrite: current 0 MB, peak 0 MB, average 0 MB
20:S 22 Jun 2025 20:08:24.935 * Background AOF rewrite terminated with success
20:S 22 Jun 2025 20:08:24.936 * Successfully renamed the temporary AOF base file temp-rewriteaof-bg-10558.aof into appendonly-n2.aof.3.base.rdb
20:S 22 Jun 2025 20:08:24.937 * Successfully renamed the temporary AOF incr file temp-appendonly-n2.aof.incr into appendonly-n2.aof.3.incr.aof
20:S 22 Jun 2025 20:08:24.943 * Removing the history file appendonly-n2.aof.2.incr.aof in the background
20:S 22 Jun 2025 20:08:24.944 * Removing the history file appendonly-n2.aof.2.base.rdb in the background
20:S 22 Jun 2025 20:08:24.952 * Background AOF rewrite finished successfully
20:S 22 Jun 2025 20:10:36.008 * 10 changes in 300 seconds. Saving...
20:S 22 Jun 2025 20:10:36.010 * Background saving started by pid 10563
10563:C 22 Jun 2025 20:10:36.021 * DB saved on disk
10563:C 22 Jun 2025 20:10:36.025 * Fork CoW for RDB: current 0 MB, peak 0 MB, average 0 MB
20:S 22 Jun 2025 20:10:36.113 * Background saving terminated with success
20:S 22 Jun 2025 20:11:10.482 * DB saved on disk
20:M 22 Jun 2025 20:12:07.884 * Connection with master lost.
20:M 22 Jun 2025 20:12:07.885 * Caching the disconnected master state.
20:S 22 Jun 2025 20:12:07.886 * Connecting to MASTER 172.20.0.13:6379
20:S 22 Jun 2025 20:12:07.887 * MASTER <-> REPLICA sync started
20:S 22 Jun 2025 20:12:07.888 * REPLICAOF 172.20.0.13:6379 enabled (user request from 'id=106 addr=172.20.0.12:50264 laddr=172.20.0.12:6379 fd=16 name=sentinel-3365b5db-cmd age=10 idle=0 flags=x db=0 sub=0 psub=0 ssub=0 multi=4 watch=0 qbuf=199 qbuf-free=20275 argv-mem=4 multi-mem=179 rbs=1024 rbp=1024 obl=45 oll=0 omem=0 tot-mem=22703 events=r cmd=exec user=default redir=-1 resp=2 lib-name= lib-ver=')
20:S 22 Jun 2025 20:12:07.896 # Could not rename tmp config file (Device or resource busy)
20:S 22 Jun 2025 20:12:07.897 # CONFIG REWRITE failed: Device or resource busy
20:S 22 Jun 2025 20:12:07.898 * Non blocking connect for SYNC fired the event.
20:S 22 Jun 2025 20:12:07.899 * Master replied to PING, replication can continue...
20:S 22 Jun 2025 20:12:07.900 * Trying a partial resynchronization (request 54ba05237503ac5cfbad3182b531c5b11b512fd3:951999).
20:S 22 Jun 2025 20:12:12.196 * Full resync from master: 05672d87f18b54ab764767aa75caad4ddaaab351:946023
20:S 22 Jun 2025 20:12:12.200 * MASTER <-> REPLICA sync: receiving streamed RDB from master with EOF to disk
20:S 22 Jun 2025 20:12:12.202 * Discarding previously cached master state.
20:S 22 Jun 2025 20:12:12.203 * MASTER <-> REPLICA sync: Flushing old data
20:S 22 Jun 2025 20:12:12.204 * MASTER <-> REPLICA sync: Loading DB in memory
20:S 22 Jun 2025 20:12:12.209 * Loading RDB produced by version 7.4.1
20:S 22 Jun 2025 20:12:12.210 * RDB age 0 seconds
20:S 22 Jun 2025 20:12:12.210 * RDB memory usage when created 1.72 Mb
20:S 22 Jun 2025 20:12:12.211 * Done loading RDB, keys loaded: 1, keys expired: 0.
20:S 22 Jun 2025 20:12:12.212 * MASTER <-> REPLICA sync: Finished with success
20:S 22 Jun 2025 20:12:12.213 * Creating AOF incr file temp-appendonly-n2.aof.incr on background rewrite
20:S 22 Jun 2025 20:12:12.214 * Background append only file rewriting started by pid 10924
10924:C 22 Jun 2025 20:12:12.218 * Successfully created the temporary AOF base file temp-rewriteaof-bg-10924.aof
10924:C 22 Jun 2025 20:12:12.220 * Fork CoW for AOF rewrite: current 0 MB, peak 0 MB, average 0 MB
20:S 22 Jun 2025 20:12:12.277 * Background AOF rewrite terminated with success
20:S 22 Jun 2025 20:12:12.279 * Successfully renamed the temporary AOF base file temp-rewriteaof-bg-10924.aof into appendonly-n2.aof.4.base.rdb
20:S 22 Jun 2025 20:12:12.281 * Successfully renamed the temporary AOF incr file temp-appendonly-n2.aof.incr into appendonly-n2.aof.4.incr.aof
20:S 22 Jun 2025 20:12:12.289 * Removing the history file appendonly-n2.aof.3.incr.aof in the background
20:S 22 Jun 2025 20:12:12.290 * Removing the history file appendonly-n2.aof.3.base.rdb in the background
20:S 22 Jun 2025 20:12:12.297 * Background AOF rewrite finished successfully
20:M 22 Jun 2025 20:12:56.990 * Connection with master lost.
20:M 22 Jun 2025 20:12:56.991 * Caching the disconnected master state.
20:S 22 Jun 2025 20:12:56.992 * Connecting to MASTER 172.20.0.14:6379
20:S 22 Jun 2025 20:12:56.993 * MASTER <-> REPLICA sync started
20:S 22 Jun 2025 20:12:56.994 * REPLICAOF 172.20.0.14:6379 enabled (user request from 'id=106 addr=172.20.0.12:50264 laddr=172.20.0.12:6379 fd=16 name=sentinel-3365b5db-cmd age=59 idle=0 flags=x db=0 sub=0 psub=0 ssub=0 multi=4 watch=0 qbuf=336 qbuf-free=20138 argv-mem=4 multi-mem=179 rbs=4096 rbp=4096 obl=45 oll=0 omem=0 tot-mem=25775 events=r cmd=exec user=default redir=-1 resp=2 lib-name= lib-ver=')
20:S 22 Jun 2025 20:12:57.001 # Could not rename tmp config file (Device or resource busy)
20:S 22 Jun 2025 20:12:57.003 # CONFIG REWRITE failed: Device or resource busy
20:S 22 Jun 2025 20:12:57.005 * Non blocking connect for SYNC fired the event.
20:S 22 Jun 2025 20:12:57.006 * Master replied to PING, replication can continue...
20:S 22 Jun 2025 20:12:57.007 * Trying a partial resynchronization (request 05672d87f18b54ab764767aa75caad4ddaaab351:954974).
20:S 22 Jun 2025 20:12:57.009 * Successful partial resynchronization with master.
20:S 22 Jun 2025 20:12:57.010 * Master replication ID changed to b81e52091bb6913f79f829023c185f449e5fa2ef
20:S 22 Jun 2025 20:12:57.011 * MASTER <-> REPLICA sync: Master accepted a Partial Resynchronization.
20:M 22 Jun 2025 20:13:33.507 * Connection with master lost.
20:M 22 Jun 2025 20:13:33.508 * Caching the disconnected master state.
20:S 22 Jun 2025 20:13:33.508 * Connecting to MASTER 172.20.0.13:6379
20:S 22 Jun 2025 20:13:33.509 * MASTER <-> REPLICA sync started
20:S 22 Jun 2025 20:13:33.510 * REPLICAOF 172.20.0.13:6379 enabled (user request from 'id=132 addr=172.20.0.12:50720 laddr=172.20.0.12:6379 fd=15 name=sentinel-3365b5db-cmd age=35 idle=0 flags=x db=0 sub=0 psub=0 ssub=0 multi=4 watch=0 qbuf=338 qbuf-free=20136 argv-mem=4 multi-mem=179 rbs=2048 rbp=2048 obl=45 oll=0 omem=0 tot-mem=23727 events=r cmd=exec user=default redir=-1 resp=2 lib-name= lib-ver=')
20:S 22 Jun 2025 20:13:33.516 # Could not rename tmp config file (Device or resource busy)
20:S 22 Jun 2025 20:13:33.518 # CONFIG REWRITE failed: Device or resource busy
20:S 22 Jun 2025 20:13:33.519 * Non blocking connect for SYNC fired the event.
20:S 22 Jun 2025 20:13:33.521 * Master replied to PING, replication can continue...
20:S 22 Jun 2025 20:13:33.522 * Trying a partial resynchronization (request b81e52091bb6913f79f829023c185f449e5fa2ef:973633).
20:S 22 Jun 2025 20:13:33.524 * Successful partial resynchronization with master.
20:S 22 Jun 2025 20:13:33.525 * Master replication ID changed to e1d3aed91197dcfa1775e455ed0aa2739d5790b3
20:S 22 Jun 2025 20:13:33.526 * MASTER <-> REPLICA sync: Master accepted a Partial Resynchronization.
20:S 22 Jun 2025 20:16:11.020 * 10 changes in 300 seconds. Saving...
20:S 22 Jun 2025 20:16:11.023 * Background saving started by pid 10941
10941:C 22 Jun 2025 20:16:11.029 * DB saved on disk
10941:C 22 Jun 2025 20:16:11.031 * Fork CoW for RDB: current 0 MB, peak 0 MB, average 0 MB
20:S 22 Jun 2025 20:16:11.126 * Background saving terminated with success
